
  ReferenceError: userModel is not defined
      at exports.findOneCourseById (/Users/qc3/code/ivyelite-online/server/controller/courseController.js:21:2)
      at dispatch (/Users/qc3/code/ivyelite-online/node_modules/koa-compose/index.js:42:32)
      at /Users/qc3/code/ivyelite-online/node_modules/koa-router/lib/router.js:372:16
      at dispatch (/Users/qc3/code/ivyelite-online/node_modules/koa-compose/index.js:42:32)
      at /Users/qc3/code/ivyelite-online/node_modules/koa-compose/index.js:34:12
      at dispatch (/Users/qc3/code/ivyelite-online/node_modules/koa-router/lib/router.js:377:31)
      at dispatch (/Users/qc3/code/ivyelite-online/node_modules/koa-compose/index.js:42:32)
      at dispatch (/Users/qc3/code/ivyelite-online/node_modules/koa-router/lib/router.js:353:32)
      at dispatch (/Users/qc3/code/ivyelite-online/node_modules/koa-compose/index.js:42:32)
      at /Users/qc3/code/ivyelite-online/node_modules/koa-unless/index.js:26:14


  ReferenceError: userModel is not defined
      at exports.findOneCourseById (/Users/qc3/code/ivyelite-online/server/controller/courseController.js:21:2)
      at dispatch (/Users/qc3/code/ivyelite-online/node_modules/koa-compose/index.js:42:32)
      at /Users/qc3/code/ivyelite-online/node_modules/koa-router/lib/router.js:372:16
      at dispatch (/Users/qc3/code/ivyelite-online/node_modules/koa-compose/index.js:42:32)
      at /Users/qc3/code/ivyelite-online/node_modules/koa-compose/index.js:34:12
      at dispatch (/Users/qc3/code/ivyelite-online/node_modules/koa-router/lib/router.js:377:31)
      at dispatch (/Users/qc3/code/ivyelite-online/node_modules/koa-compose/index.js:42:32)
      at dispatch (/Users/qc3/code/ivyelite-online/node_modules/koa-router/lib/router.js:353:32)
      at dispatch (/Users/qc3/code/ivyelite-online/node_modules/koa-compose/index.js:42:32)
      at /Users/qc3/code/ivyelite-online/node_modules/koa-unless/index.js:26:14


  ReferenceError: userModel is not defined
      at exports.findOneCourseById (/Users/qc3/code/ivyelite-online/server/controller/courseController.js:21:2)
      at dispatch (/Users/qc3/code/ivyelite-online/node_modules/koa-compose/index.js:42:32)
      at /Users/qc3/code/ivyelite-online/node_modules/koa-router/lib/router.js:372:16
      at dispatch (/Users/qc3/code/ivyelite-online/node_modules/koa-compose/index.js:42:32)
      at /Users/qc3/code/ivyelite-online/node_modules/koa-compose/index.js:34:12
      at dispatch (/Users/qc3/code/ivyelite-online/node_modules/koa-router/lib/router.js:377:31)
      at dispatch (/Users/qc3/code/ivyelite-online/node_modules/koa-compose/index.js:42:32)
      at dispatch (/Users/qc3/code/ivyelite-online/node_modules/koa-router/lib/router.js:353:32)
      at dispatch (/Users/qc3/code/ivyelite-online/node_modules/koa-compose/index.js:42:32)
      at /Users/qc3/code/ivyelite-online/node_modules/koa-unless/index.js:26:14

