listening on port 3000
listening on port 3000
listening on port 3000
listening on port 3000
listening on port 3000
listening on port 3000
listening on port 3000
listening on port 3000
listening on port 3000
listening on port 3000
listening on port 3000
listening on port 3000
listening on port 3000
listening on port 3000
listening on port 3000
listening on port 3000
listening on port 3000
listening on port 3000
listening on port 3000
/courseApi/getAllCourses
/courseApi/getAllCourses
listening on port 3000
/courseApi/getAllCourses
/courseApi/getAllCourses
/courseApi/getAllCourses
listening on port 3000
/courseApi/getAllCourses
/userApi/signin
/userApi/signin
登录成功
/userApi/getinfo?pid=325671
/userApi/getinfo?pid=325671
/courseApi/getAllCourses
/courseApi/getAllCourses
/userApi/signin
/userApi/signin
登录成功
/userApi/getinfo?pid=325671
/userApi/getinfo?pid=325671
/courseApi/getAllCourses
/courseApi/getAllCourses
/userApi/signin
/userApi/signin
登录成功
/userApi/getinfo?pid=325671
/userApi/getinfo?pid=325671
/courseApi/getAllCourses
/courseApi/getAllCourses
/userApi/signin
/userApi/signin
登录成功
/userApi/getinfo?pid=325671
/userApi/getinfo?pid=325671
/courseApi/getAllCourses
/courseApi/getAllCourses
/userApi/signin
/userApi/signin
登录成功
/userApi/getinfo?pid=325671
/userApi/getinfo?pid=325671
/courseApi/getAllCourses
/courseApi/getAllCourses
/userApi/signin
/userApi/signin
登录成功
/userApi/getinfo?pid=325671
/userApi/getinfo?pid=325671
/courseApi/getAllCourses
/courseApi/getAllCourses
/userApi/signin
/userApi/signin
登录成功
/userApi/getinfo?pid=325671
/userApi/getinfo?pid=325671
/courseApi/getAllCourses
/courseApi/getAllCourses
/courseApi/getAllCourses
/courseApi/getAllCourses
listening on port 3000
listening on port 3000
listening on port 3000
listening on port 3000
listening on port 3000
/courseApi/getAllCourses
/courseApi/getAllCourses
listening on port 3000
listening on port 3000
/courseApi/getAllCourses
/courseApi/getAllCourses
/courseApi/getAllCourses
/courseApi/getAllCourses
/courseApi/getAllCourses
/courseApi/getAllCourses
/userApi/signin
/userApi/signin
登录成功
/userApi/getinfo?pid=325671
/userApi/getinfo?pid=325671
/courseApi/getAllCourses
/courseApi/getAllCourses
/courseApi/getAllCourses
/courseApi/getAllCourses
/courseApi/getAllCourses
/userApi/signin
/userApi/signin
登录成功
/userApi/getinfo?pid=325671
/userApi/getinfo?pid=325671
/courseApi/getAllCourses
/courseApi/getAllCourses
/userApi/signin
/userApi/signin
登录成功
/userApi/getinfo?pid=325671
/userApi/getinfo?pid=325671
/courseApi/getAllCourses
/courseApi/getAllCourses
/userApi/signin
/userApi/signin
登录成功
/userApi/getinfo?pid=325671
/userApi/getinfo?pid=325671
/courseApi/getAllCourses
/courseApi/getAllCourses
/userApi/signin
/userApi/signin
登录成功
/userApi/getinfo?pid=325671
/userApi/getinfo?pid=325671
/courseApi/getAllCourses
/courseApi/getAllCourses
/userApi/signin
/userApi/signin
登录成功
/userApi/getinfo?pid=325671
/userApi/getinfo?pid=325671
/courseApi/getAllCourses
/courseApi/getAllCourses
listening on port 3000
listening on port 3000
/userApi/signin
/userApi/signin
登录成功
/userApi/getinfo?pid=325671
/userApi/getinfo?pid=325671
/courseApi/getAllCourses
/courseApi/getAllCourses
/auth/get_sdk_token
/auth/get_sdk_token
listening on port 3000
listening on port 3000
listening on port 3000
listening on port 3000
listening on port 3000
listening on port 3000
listening on port 3000
listening on port 3000
listening on port 3000
listening on port 3000
/userApi/signin
/userApi/signin
登录成功
/userApi/getinfo?pid=325671
/userApi/getinfo?pid=325671
/courseApi/getAllCourses
/courseApi/getAllCourses
listening on port 3000
/userApi/signin
/userApi/signin
登录成功
/userApi/getinfo?pid=325671
/userApi/getinfo?pid=325671
/courseApi/getAllCourses
/courseApi/getAllCourses
/userApi/signin
/userApi/signin
登录成功
/userApi/getinfo?pid=325671
/userApi/getinfo?pid=325671
/courseApi/getAllCourses
/courseApi/getAllCourses
listening on port 3000
/userApi/signin
/userApi/signin
登录成功
/userApi/getinfo?pid=325671
/userApi/getinfo?pid=325671
/courseApi/getAllCourses
/courseApi/getAllCourses
listening on port 3000
/userApi/signin
/userApi/signin
登录成功
/userApi/getinfo?pid=325671
/userApi/getinfo?pid=325671
/courseApi/getAllCourses
/courseApi/getAllCourses
listening on port 3000
listening on port 3000
listening on port 3000
/userApi/signin
/userApi/signin
用户名或密码错误!
/userApi/signin
/userApi/signin
登录成功
/userApi/getinfo?pid=325671
/userApi/getinfo?pid=325671
/courseApi/getAllCourses
/courseApi/getAllCourses
listening on port 3000
listening on port 3000
listening on port 3000
listening on port 3000
listening on port 3000
listening on port 3000
/courseApi/getAllCourses
/courseApi/getAllCourses
listening on port 3000
listening on port 3000
listening on port 3000
listening on port 3000
/userApi/signin
/userApi/signin
登录成功
/userApi/getinfo?pid=325671
/userApi/getinfo?pid=325671
/courseApi/getAllCourses
/courseApi/getAllCourses
/userApi/signin
/userApi/signin
登录成功
/userApi/getinfo?pid=325671
/userApi/getinfo?pid=325671
/courseApi/getAllCourses
/courseApi/getAllCourses
listening on port 3000
listening on port 3000
listening on port 3000
listening on port 3000
/userApi/signin
/userApi/signin
登录成功
/userApi/getinfo?pid=325671
/userApi/getinfo?pid=325671
/courseApi/getAllCourses
/courseApi/getAllCourses
listening on port 3000
listening on port 3000
listening on port 3000
listening on port 3000
listening on port 3000
listening on port 3000
listening on port 3000
listening on port 3000
listening on port 3000
/userApi/signin
/userApi/signin
登录成功
/userApi/getinfo?pid=325671
/userApi/getinfo?pid=325671
/courseApi/getAllCourses
/courseApi/getAllCourses
/roomkit/auth/get_sdk_token
/eduCloud/room/create
/roomkit/auth/get_sdk_token
/eduCloud/room/create
listening on port 3000
/roomkit/auth/get_sdk_token
/roomkit/auth/get_sdk_token
listening on port 3000
/roomkit/auth/get_sdk_token
/roomkit/auth/get_sdk_token
/userApi/signin
/userApi/signin
登录成功
/userApi/getinfo?pid=325671
/userApi/getinfo?pid=325671
/courseApi/getAllCourses
/courseApi/getAllCourses
/roomkit/auth/get_sdk_token
/roomkit/auth/get_sdk_token
listening on port 3000
listening on port 3000
